#0 building with "desktop-linux" instance using docker driver

#1 [internal] load build definition from Dockerfile
#1 transferring dockerfile: 3.42kB done
#1 DONE 0.0s

#2 [internal] load metadata for docker.io/runpod/pytorch:2.2.0-py3.10-cuda12.1.1-devel-ubuntu22.04
#2 ...

#3 [auth] runpod/pytorch:pull token for registry-1.docker.io
#3 DONE 0.0s

#2 [internal] load metadata for docker.io/runpod/pytorch:2.2.0-py3.10-cuda12.1.1-devel-ubuntu22.04
#2 DONE 9.0s

#4 [internal] load .dockerignore
#4 transferring context: 574B done
#4 DONE 0.0s

#5 [internal] load build context
#5 transferring context: 96.19kB done
#5 DONE 0.0s

#6 [ 1/21] FROM docker.io/runpod/pytorch:2.2.0-py3.10-cuda12.1.1-devel-ubuntu22.04@sha256:75bf115d87ee3813f8026fed3e11bae3bf68bfd789a9566878735245b723ef8b
#6 resolve docker.io/runpod/pytorch:2.2.0-py3.10-cuda12.1.1-devel-ubuntu22.04@sha256:75bf115d87ee3813f8026fed3e11bae3bf68bfd789a9566878735245b723ef8b 0.0s done
#6 DONE 0.4s

#6 [ 1/21] FROM docker.io/runpod/pytorch:2.2.0-py3.10-cuda12.1.1-devel-ubuntu22.04@sha256:75bf115d87ee3813f8026fed3e11bae3bf68bfd789a9566878735245b723ef8b
#6 extracting sha256:22ba0fb08ae2d48e74c162458e138662946b32e12d711832122e465210ecbee8
#6 sha256:93e30370905403e0a6110f0a94cad79184d107fb30666a01e0e3ef612d7b5bd8 0B / 1.64kB 0.2s
#6 sha256:c6bf21c3eca988bddb4170d7324c623510520147451bf5d754594128edec548e 0B / 1.57kB 0.2s
#6 sha256:dfd09df71c5dea052ccae6a9d5fef92bf619664269cdd91fe1a7e41c8f9d1171 0B / 238B 0.2s
#6 sha256:402e0c010645ea395c83f8043813ee66ee00bb572ff4e13cdc3cd872bd616afd 0B / 1.12kB 0.2s
#6 sha256:93e30370905403e0a6110f0a94cad79184d107fb30666a01e0e3ef612d7b5bd8 1.64kB / 1.64kB 2.0s done
#6 sha256:f9c328ff3da069de3e42352d456d81063a942024466acd1ad686cd9b811b6b7a 0B / 1.12kB 0.2s
#6 sha256:c6bf21c3eca988bddb4170d7324c623510520147451bf5d754594128edec548e 1.57kB / 1.57kB 2.9s done
#6 sha256:402e0c010645ea395c83f8043813ee66ee00bb572ff4e13cdc3cd872bd616afd 1.12kB / 1.12kB 3.1s done
#6 sha256:31345ffe2e7107f0c6c7098f04639b4d431cfd3b12c182673bafb7f8c3b316f7 0B / 326B 0.2s
#6 sha256:dfd09df71c5dea052ccae6a9d5fef92bf619664269cdd91fe1a7e41c8f9d1171 238B / 238B 3.3s done
#6 sha256:a07d7a39623c62550a796396e17469a73cfdcfbb7ae6c27d5465ad37ea414075 0B / 753B 0.2s
#6 sha256:3e49d00c5a0e85b88409d38867647afa350ffe4449be31a3e151f876e4d3e273 0B / 729B 0.2s
#6 sha256:f9c328ff3da069de3e42352d456d81063a942024466acd1ad686cd9b811b6b7a 1.12kB / 1.12kB 1.8s done
#6 sha256:dd533636f71099bc8072a3c1dc9efd3dd202653f4f18fd3fb5c683ac2c9584f9 0B / 241B 0.2s
#6 sha256:31345ffe2e7107f0c6c7098f04639b4d431cfd3b12c182673bafb7f8c3b316f7 326B / 326B 1.4s done
#6 sha256:e270234a705bbaad72988756637dfef1546951a6883085210a07de2430a61e6e 0B / 23.30MB 0.2s
#6 sha256:3e49d00c5a0e85b88409d38867647afa350ffe4449be31a3e151f876e4d3e273 729B / 729B 1.4s done
#6 sha256:a07d7a39623c62550a796396e17469a73cfdcfbb7ae6c27d5465ad37ea414075 753B / 753B 1.7s done
#6 sha256:699ceadb808492d32090753f64a25c08488f4e442a9c376ff20800b624d18801 0B / 23.42MB 0.2s
#6 sha256:caa158ab8adc89260e76297aa3c7da3058b7caaabe36126e0a86696a7859e335 0B / 82.32MB 0.2s
#6 sha256:dd533636f71099bc8072a3c1dc9efd3dd202653f4f18fd3fb5c683ac2c9584f9 241B / 241B 1.7s done
#6 sha256:d40d0c3e0c233356c8d8121ea0b697aab1bc7619566bb8c573f4bb0aa56cea9f 0B / 2.87GB 0.2s
#6 sha256:e270234a705bbaad72988756637dfef1546951a6883085210a07de2430a61e6e 1.05MB / 23.30MB 5.3s
#6 sha256:699ceadb808492d32090753f64a25c08488f4e442a9c376ff20800b624d18801 1.05MB / 23.42MB 5.3s
#6 sha256:caa158ab8adc89260e76297aa3c7da3058b7caaabe36126e0a86696a7859e335 1.05MB / 82.32MB 5.3s
#6 sha256:d40d0c3e0c233356c8d8121ea0b697aab1bc7619566bb8c573f4bb0aa56cea9f 0B / 2.87GB 5.3s
#6 sha256:e270234a705bbaad72988756637dfef1546951a6883085210a07de2430a61e6e 2.57MB / 23.30MB 9.2s
#6 sha256:699ceadb808492d32090753f64a25c08488f4e442a9c376ff20800b624d18801 2.10MB / 23.42MB 10.4s
#6 sha256:caa158ab8adc89260e76297aa3c7da3058b7caaabe36126e0a86696a7859e335 2.10MB / 82.32MB 10.4s
#6 sha256:d40d0c3e0c233356c8d8121ea0b697aab1bc7619566bb8c573f4bb0aa56cea9f 0B / 2.87GB 10.4s
#6 sha256:e270234a705bbaad72988756637dfef1546951a6883085210a07de2430a61e6e 4.19MB / 23.30MB 11.9s
#6 sha256:699ceadb808492d32090753f64a25c08488f4e442a9c376ff20800b624d18801 3.15MB / 23.42MB 15.5s
#6 sha256:caa158ab8adc89260e76297aa3c7da3058b7caaabe36126e0a86696a7859e335 3.15MB / 82.32MB 15.5s
#6 sha256:d40d0c3e0c233356c8d8121ea0b697aab1bc7619566bb8c573f4bb0aa56cea9f 1.05MB / 2.87GB 15.5s
#6 sha256:e270234a705bbaad72988756637dfef1546951a6883085210a07de2430a61e6e 5.24MB / 23.30MB 17.0s
#6 sha256:699ceadb808492d32090753f64a25c08488f4e442a9c376ff20800b624d18801 5.24MB / 23.42MB 18.6s
#6 sha256:caa158ab8adc89260e76297aa3c7da3058b7caaabe36126e0a86696a7859e335 3.15MB / 82.32MB 20.6s
#6 sha256:d40d0c3e0c233356c8d8121ea0b697aab1bc7619566bb8c573f4bb0aa56cea9f 3.15MB / 2.87GB 20.6s
#6 sha256:e270234a705bbaad72988756637dfef1546951a6883085210a07de2430a61e6e 6.29MB / 23.30MB 22.1s
#6 sha256:699ceadb808492d32090753f64a25c08488f4e442a9c376ff20800b624d18801 6.29MB / 23.42MB 23.7s
#6 sha256:caa158ab8adc89260e76297aa3c7da3058b7caaabe36126e0a86696a7859e335 5.24MB / 82.32MB 25.7s
#6 sha256:d40d0c3e0c233356c8d8121ea0b697aab1bc7619566bb8c573f4bb0aa56cea9f 5.24MB / 2.87GB 25.7s
#6 sha256:e270234a705bbaad72988756637dfef1546951a6883085210a07de2430a61e6e 7.34MB / 23.30MB 27.2s
#6 sha256:699ceadb808492d32090753f64a25c08488f4e442a9c376ff20800b624d18801 7.34MB / 23.42MB 28.8s
#6 sha256:caa158ab8adc89260e76297aa3c7da3058b7caaabe36126e0a86696a7859e335 7.34MB / 82.32MB 30.8s
#6 sha256:d40d0c3e0c233356c8d8121ea0b697aab1bc7619566bb8c573f4bb0aa56cea9f 5.24MB / 2.87GB 30.8s
#6 sha256:e270234a705bbaad72988756637dfef1546951a6883085210a07de2430a61e6e 8.39MB / 23.30MB 32.3s
#6 sha256:699ceadb808492d32090753f64a25c08488f4e442a9c376ff20800b624d18801 8.39MB / 23.42MB 33.9s
#6 sha256:caa158ab8adc89260e76297aa3c7da3058b7caaabe36126e0a86696a7859e335 9.44MB / 82.32MB 35.9s
#6 sha256:d40d0c3e0c233356c8d8121ea0b697aab1bc7619566bb8c573f4bb0aa56cea9f 6.29MB / 2.87GB 35.9s
#6 sha256:e270234a705bbaad72988756637dfef1546951a6883085210a07de2430a61e6e 9.44MB / 23.30MB 37.4s
#6 sha256:699ceadb808492d32090753f64a25c08488f4e442a9c376ff20800b624d18801 10.49MB / 23.42MB 37.2s
#6 sha256:e270234a705bbaad72988756637dfef1546951a6883085210a07de2430a61e6e 11.53MB / 23.30MB 40.4s
#6 sha256:caa158ab8adc89260e76297aa3c7da3058b7caaabe36126e0a86696a7859e335 10.49MB / 82.32MB 41.0s
#6 sha256:d40d0c3e0c233356c8d8121ea0b697aab1bc7619566bb8c573f4bb0aa56cea9f 8.39MB / 2.87GB 41.0s
#6 sha256:699ceadb808492d32090753f64a25c08488f4e442a9c376ff20800b624d18801 11.53MB / 23.42MB 42.3s
#6 sha256:699ceadb808492d32090753f64a25c08488f4e442a9c376ff20800b624d18801 13.63MB / 23.42MB 44.9s
#6 sha256:e270234a705bbaad72988756637dfef1546951a6883085210a07de2430a61e6e 12.58MB / 23.30MB 45.5s
#6 sha256:caa158ab8adc89260e76297aa3c7da3058b7caaabe36126e0a86696a7859e335 11.53MB / 82.32MB 46.1s
#6 sha256:d40d0c3e0c233356c8d8121ea0b697aab1bc7619566bb8c573f4bb0aa56cea9f 9.44MB / 2.87GB 46.1s
#6 extracting sha256:22ba0fb08ae2d48e74c162458e138662946b32e12d711832122e465210ecbee8 53.2s done
#6 extracting sha256:4d37a6bba88ff56fdbfcacd9ed2e4c2030b712adb162e0efa69b82ca7220a069 0.0s done
#6 sha256:699ceadb808492d32090753f64a25c08488f4e442a9c376ff20800b624d18801 15.73MB / 23.42MB 50.0s
#6 sha256:e270234a705bbaad72988756637dfef1546951a6883085210a07de2430a61e6e 13.63MB / 23.30MB 50.6s
#6 sha256:caa158ab8adc89260e76297aa3c7da3058b7caaabe36126e0a86696a7859e335 12.58MB / 82.32MB 51.2s
#6 sha256:d40d0c3e0c233356c8d8121ea0b697aab1bc7619566bb8c573f4bb0aa56cea9f 11.53MB / 2.87GB 51.2s
#6 sha256:699ceadb808492d32090753f64a25c08488f4e442a9c376ff20800b624d18801 17.83MB / 23.42MB 54.6s
#6 sha256:e270234a705bbaad72988756637dfef1546951a6883085210a07de2430a61e6e 14.68MB / 23.30MB 55.7s
#6 sha256:caa158ab8adc89260e76297aa3c7da3058b7caaabe36126e0a86696a7859e335 13.63MB / 82.32MB 56.3s
#6 sha256:d40d0c3e0c233356c8d8121ea0b697aab1bc7619566bb8c573f4bb0aa56cea9f 12.58MB / 2.87GB 56.3s
#6 sha256:699ceadb808492d32090753f64a25c08488f4e442a9c376ff20800b624d18801 19.92MB / 23.42MB 59.6s
#6 sha256:e270234a705bbaad72988756637dfef1546951a6883085210a07de2430a61e6e 16.78MB / 23.30MB 60.3s
#6 sha256:caa158ab8adc89260e76297aa3c7da3058b7caaabe36126e0a86696a7859e335 14.68MB / 82.32MB 61.4s
#6 sha256:d40d0c3e0c233356c8d8121ea0b697aab1bc7619566bb8c573f4bb0aa56cea9f 13.63MB / 2.87GB 61.4s
#6 sha256:699ceadb808492d32090753f64a25c08488f4e442a9c376ff20800b624d18801 20.97MB / 23.42MB 64.7s
#6 sha256:e270234a705bbaad72988756637dfef1546951a6883085210a07de2430a61e6e 17.83MB / 23.30MB 65.4s
#6 sha256:caa158ab8adc89260e76297aa3c7da3058b7caaabe36126e0a86696a7859e335 15.73MB / 82.32MB 66.5s
#6 sha256:d40d0c3e0c233356c8d8121ea0b697aab1bc7619566bb8c573f4bb0aa56cea9f 15.73MB / 2.87GB 66.5s
#6 sha256:699ceadb808492d32090753f64a25c08488f4e442a9c376ff20800b624d18801 23.07MB / 23.42MB 68.0s
#6 sha256:699ceadb808492d32090753f64a25c08488f4e442a9c376ff20800b624d18801 23.42MB / 23.42MB 69.1s done
#6 sha256:a8223d5b70a4c9c8abfbc5c2cedf51ca7d9cb833fddb60295a02ac52055e8d2f 0B / 92B 0.2s
#6 sha256:e270234a705bbaad72988756637dfef1546951a6883085210a07de2430a61e6e 18.87MB / 23.30MB 70.5s
#6 sha256:caa158ab8adc89260e76297aa3c7da3058b7caaabe36126e0a86696a7859e335 16.78MB / 82.32MB 71.6s
#6 sha256:d40d0c3e0c233356c8d8121ea0b697aab1bc7619566bb8c573f4bb0aa56cea9f 17.83MB / 2.87GB 71.6s
#6 sha256:a8223d5b70a4c9c8abfbc5c2cedf51ca7d9cb833fddb60295a02ac52055e8d2f 92B / 92B 3.7s done
#6 sha256:e783779843b9729cbed474416bdc0befa90fec2e319179403f4db148d008d0ef 0B / 10.64MB 0.2s
#6 sha256:e270234a705bbaad72988756637dfef1546951a6883085210a07de2430a61e6e 18.87MB / 23.30MB 75.6s
#6 sha256:caa158ab8adc89260e76297aa3c7da3058b7caaabe36126e0a86696a7859e335 18.87MB / 82.32MB 76.7s
#6 sha256:d40d0c3e0c233356c8d8121ea0b697aab1bc7619566bb8c573f4bb0aa56cea9f 17.83MB / 2.87GB 76.7s
#6 sha256:e783779843b9729cbed474416bdc0befa90fec2e319179403f4db148d008d0ef 0B / 10.64MB 5.3s
#6 sha256:e270234a705bbaad72988756637dfef1546951a6883085210a07de2430a61e6e 19.92MB / 23.30MB 80.7s
#6 sha256:e783779843b9729cbed474416bdc0befa90fec2e319179403f4db148d008d0ef 1.05MB / 10.64MB 8.1s
#6 sha256:caa158ab8adc89260e76297aa3c7da3058b7caaabe36126e0a86696a7859e335 20.97MB / 82.32MB 81.8s
#6 sha256:d40d0c3e0c233356c8d8121ea0b697aab1bc7619566bb8c573f4bb0aa56cea9f 19.92MB / 2.87GB 81.8s
#6 sha256:e270234a705bbaad72988756637dfef1546951a6883085210a07de2430a61e6e 20.97MB / 23.30MB 85.8s
#6 sha256:e783779843b9729cbed474416bdc0befa90fec2e319179403f4db148d008d0ef 2.10MB / 10.64MB 13.2s
#6 sha256:caa158ab8adc89260e76297aa3c7da3058b7caaabe36126e0a86696a7859e335 22.02MB / 82.32MB 86.9s
#6 sha256:d40d0c3e0c233356c8d8121ea0b697aab1bc7619566bb8c573f4bb0aa56cea9f 20.97MB / 2.87GB 86.9s
#6 sha256:e270234a705bbaad72988756637dfef1546951a6883085210a07de2430a61e6e 23.30MB / 23.30MB 90.5s
#6 sha256:e783779843b9729cbed474416bdc0befa90fec2e319179403f4db148d008d0ef 3.15MB / 10.64MB 17.4s
#6 sha256:e270234a705bbaad72988756637dfef1546951a6883085210a07de2430a61e6e 23.30MB / 23.30MB 90.9s done
#6 sha256:84009f66cfa1be2854d0b7d3f34eb9440db681a102742348f23df395e13f35b9 0B / 154.16MB 0.2s
#6 sha256:caa158ab8adc89260e76297aa3c7da3058b7caaabe36126e0a86696a7859e335 24.12MB / 82.32MB 92.0s
#6 sha256:d40d0c3e0c233356c8d8121ea0b697aab1bc7619566bb8c573f4bb0aa56cea9f 22.02MB / 2.87GB 92.0s
#6 sha256:e783779843b9729cbed474416bdc0befa90fec2e319179403f4db148d008d0ef 3.15MB / 10.64MB 22.5s
#6 sha256:e783779843b9729cbed474416bdc0befa90fec2e319179403f4db148d008d0ef 4.19MB / 10.64MB 22.8s
#6 sha256:84009f66cfa1be2854d0b7d3f34eb9440db681a102742348f23df395e13f35b9 0B / 154.16MB 5.3s
#6 sha256:caa158ab8adc89260e76297aa3c7da3058b7caaabe36126e0a86696a7859e335 25.17MB / 82.32MB 97.1s
#6 sha256:d40d0c3e0c233356c8d8121ea0b697aab1bc7619566bb8c573f4bb0aa56cea9f 23.07MB / 2.87GB 97.1s
#6 sha256:e783779843b9729cbed474416bdc0befa90fec2e319179403f4db148d008d0ef 5.24MB / 10.64MB 26.6s
#6 sha256:84009f66cfa1be2854d0b7d3f34eb9440db681a102742348f23df395e13f35b9 0B / 154.16MB 10.4s
#6 sha256:caa158ab8adc89260e76297aa3c7da3058b7caaabe36126e0a86696a7859e335 26.21MB / 82.32MB 102.2s
#6 sha256:d40d0c3e0c233356c8d8121ea0b697aab1bc7619566bb8c573f4bb0aa56cea9f 24.12MB / 2.87GB 102.2s
#6 sha256:e783779843b9729cbed474416bdc0befa90fec2e319179403f4db148d008d0ef 5.24MB / 10.64MB 31.7s
#6 sha256:84009f66cfa1be2854d0b7d3f34eb9440db681a102742348f23df395e13f35b9 0B / 154.16MB 15.5s
#6 sha256:caa158ab8adc89260e76297aa3c7da3058b7caaabe36126e0a86696a7859e335 26.21MB / 82.32MB 107.3s
#6 sha256:d40d0c3e0c233356c8d8121ea0b697aab1bc7619566bb8c573f4bb0aa56cea9f 24.12MB / 2.87GB 107.3s
#6 sha256:e783779843b9729cbed474416bdc0befa90fec2e319179403f4db148d008d0ef 5.24MB / 10.64MB 36.8s
#6 sha256:84009f66cfa1be2854d0b7d3f34eb9440db681a102742348f23df395e13f35b9 0B / 154.16MB 20.6s
#6 sha256:caa158ab8adc89260e76297aa3c7da3058b7caaabe36126e0a86696a7859e335 26.21MB / 82.32MB 112.4s
#6 sha256:d40d0c3e0c233356c8d8121ea0b697aab1bc7619566bb8c573f4bb0aa56cea9f 24.12MB / 2.87GB 112.4s
#6 sha256:e783779843b9729cbed474416bdc0befa90fec2e319179403f4db148d008d0ef 5.24MB / 10.64MB 41.9s
#6 sha256:84009f66cfa1be2854d0b7d3f34eb9440db681a102742348f23df395e13f35b9 0B / 154.16MB 25.7s
#6 sha256:caa158ab8adc89260e76297aa3c7da3058b7caaabe36126e0a86696a7859e335 26.21MB / 82.32MB 117.5s
#6 sha256:d40d0c3e0c233356c8d8121ea0b697aab1bc7619566bb8c573f4bb0aa56cea9f 24.12MB / 2.87GB 117.5s
#6 sha256:e783779843b9729cbed474416bdc0befa90fec2e319179403f4db148d008d0ef 5.24MB / 10.64MB 47.0s
#6 sha256:e783779843b9729cbed474416bdc0befa90fec2e319179403f4db148d008d0ef 6.29MB / 10.64MB 47.1s
#6 sha256:84009f66cfa1be2854d0b7d3f34eb9440db681a102742348f23df395e13f35b9 3.15MB / 154.16MB 30.8s
#6 sha256:caa158ab8adc89260e76297aa3c7da3058b7caaabe36126e0a86696a7859e335 27.26MB / 82.32MB 122.6s
#6 sha256:e783779843b9729cbed474416bdc0befa90fec2e319179403f4db148d008d0ef 7.34MB / 10.64MB 50.3s
#6 sha256:d40d0c3e0c233356c8d8121ea0b697aab1bc7619566bb8c573f4bb0aa56cea9f 25.17MB / 2.87GB 122.6s
#6 sha256:84009f66cfa1be2854d0b7d3f34eb9440db681a102742348f23df395e13f35b9 4.19MB / 154.16MB 35.9s
#6 sha256:e783779843b9729cbed474416bdc0befa90fec2e319179403f4db148d008d0ef 8.39MB / 10.64MB 54.5s
#6 sha256:caa158ab8adc89260e76297aa3c7da3058b7caaabe36126e0a86696a7859e335 28.31MB / 82.32MB 127.7s
#6 sha256:d40d0c3e0c233356c8d8121ea0b697aab1bc7619566bb8c573f4bb0aa56cea9f 26.21MB / 2.87GB 127.7s
#6 sha256:84009f66cfa1be2854d0b7d3f34eb9440db681a102742348f23df395e13f35b9 5.24MB / 154.16MB 41.0s
#6 sha256:e783779843b9729cbed474416bdc0befa90fec2e319179403f4db148d008d0ef 8.39MB / 10.64MB 59.6s
#6 sha256:caa158ab8adc89260e76297aa3c7da3058b7caaabe36126e0a86696a7859e335 28.31MB / 82.32MB 132.8s
#6 sha256:d40d0c3e0c233356c8d8121ea0b697aab1bc7619566bb8c573f4bb0aa56cea9f 27.26MB / 2.87GB 132.8s
#6 sha256:e783779843b9729cbed474416bdc0befa90fec2e319179403f4db148d008d0ef 9.44MB / 10.64MB 62.3s
#6 sha256:84009f66cfa1be2854d0b7d3f34eb9440db681a102742348f23df395e13f35b9 5.24MB / 154.16MB 46.1s
#6 sha256:caa158ab8adc89260e76297aa3c7da3058b7caaabe36126e0a86696a7859e335 29.36MB / 82.32MB 137.9s
#6 sha256:d40d0c3e0c233356c8d8121ea0b697aab1bc7619566bb8c573f4bb0aa56cea9f 28.31MB / 2.87GB 137.9s
#6 sha256:e783779843b9729cbed474416bdc0befa90fec2e319179403f4db148d008d0ef 9.44MB / 10.64MB 67.4s
#6 sha256:84009f66cfa1be2854d0b7d3f34eb9440db681a102742348f23df395e13f35b9 6.29MB / 154.16MB 51.2s
#6 sha256:caa158ab8adc89260e76297aa3c7da3058b7caaabe36126e0a86696a7859e335 29.36MB / 82.32MB 143.0s
#6 sha256:d40d0c3e0c233356c8d8121ea0b697aab1bc7619566bb8c573f4bb0aa56cea9f 28.31MB / 2.87GB 143.0s
#6 sha256:e783779843b9729cbed474416bdc0befa90fec2e319179403f4db148d008d0ef 9.44MB / 10.64MB 72.5s
#6 sha256:84009f66cfa1be2854d0b7d3f34eb9440db681a102742348f23df395e13f35b9 7.34MB / 154.16MB 56.3s
#6 sha256:e783779843b9729cbed474416bdc0befa90fec2e319179403f4db148d008d0ef 10.49MB / 10.64MB 74.6s
#6 sha256:e783779843b9729cbed474416bdc0befa90fec2e319179403f4db148d008d0ef 10.64MB / 10.64MB 75.1s done
#6 sha256:caa158ab8adc89260e76297aa3c7da3058b7caaabe36126e0a86696a7859e335 30.41MB / 82.32MB 148.1s
#6 sha256:faf8b5ef6527037514f3f2c930513f04f8f777c533ea14f6efcbad22ce38d07b 0B / 99B 0.2s
#6 sha256:d40d0c3e0c233356c8d8121ea0b697aab1bc7619566bb8c573f4bb0aa56cea9f 29.36MB / 2.87GB 148.1s
#6 sha256:84009f66cfa1be2854d0b7d3f34eb9440db681a102742348f23df395e13f35b9 8.39MB / 154.16MB 61.4s
#6 sha256:faf8b5ef6527037514f3f2c930513f04f8f777c533ea14f6efcbad22ce38d07b 99B / 99B 4.2s done
#6 extracting sha256:faf8b5ef6527037514f3f2c930513f04f8f777c533ea14f6efcbad22ce38d07b 0.0s done
#6 sha256:caa158ab8adc89260e76297aa3c7da3058b7caaabe36126e0a86696a7859e335 32.51MB / 82.32MB 153.2s
#6 sha256:d40d0c3e0c233356c8d8121ea0b697aab1bc7619566bb8c573f4bb0aa56cea9f 31.46MB / 2.87GB 153.2s
#6 sha256:84009f66cfa1be2854d0b7d3f34eb9440db681a102742348f23df395e13f35b9 10.49MB / 154.16MB 66.5s
#6 sha256:caa158ab8adc89260e76297aa3c7da3058b7caaabe36126e0a86696a7859e335 33.55MB / 82.32MB 158.3s
#6 sha256:d40d0c3e0c233356c8d8121ea0b697aab1bc7619566bb8c573f4bb0aa56cea9f 32.51MB / 2.87GB 158.3s
#6 sha256:84009f66cfa1be2854d0b7d3f34eb9440db681a102742348f23df395e13f35b9 10.49MB / 154.16MB 71.6s
#6 sha256:caa158ab8adc89260e76297aa3c7da3058b7caaabe36126e0a86696a7859e335 34.60MB / 82.32MB 163.4s
#6 sha256:d40d0c3e0c233356c8d8121ea0b697aab1bc7619566bb8c573f4bb0aa56cea9f 34.60MB / 2.87GB 163.4s
#6 sha256:84009f66cfa1be2854d0b7d3f34eb9440db681a102742348f23df395e13f35b9 12.58MB / 154.16MB 76.7s
#6 sha256:caa158ab8adc89260e76297aa3c7da3058b7caaabe36126e0a86696a7859e335 35.65MB / 82.32MB 168.5s
#6 sha256:d40d0c3e0c233356c8d8121ea0b697aab1bc7619566bb8c573f4bb0aa56cea9f 36.70MB / 2.87GB 168.5s
#6 sha256:84009f66cfa1be2854d0b7d3f34eb9440db681a102742348f23df395e13f35b9 14.68MB / 154.16MB 81.8s
#6 sha256:caa158ab8adc89260e76297aa3c7da3058b7caaabe36126e0a86696a7859e335 37.75MB / 82.32MB 173.6s
#6 sha256:d40d0c3e0c233356c8d8121ea0b697aab1bc7619566bb8c573f4bb0aa56cea9f 38.80MB / 2.87GB 173.6s
#6 sha256:84009f66cfa1be2854d0b7d3f34eb9440db681a102742348f23df395e13f35b9 16.78MB / 154.16MB 86.9s
#6 sha256:caa158ab8adc89260e76297aa3c7da3058b7caaabe36126e0a86696a7859e335 38.80MB / 82.32MB 178.7s
#6 sha256:d40d0c3e0c233356c8d8121ea0b697aab1bc7619566bb8c573f4bb0aa56cea9f 40.89MB / 2.87GB 178.7s
#6 sha256:84009f66cfa1be2854d0b7d3f34eb9440db681a102742348f23df395e13f35b9 17.83MB / 154.16MB 92.0s
#6 sha256:caa158ab8adc89260e76297aa3c7da3058b7caaabe36126e0a86696a7859e335 40.89MB / 82.32MB 183.8s
#6 sha256:d40d0c3e0c233356c8d8121ea0b697aab1bc7619566bb8c573f4bb0aa56cea9f 41.94MB / 2.87GB 183.8s
#6 sha256:84009f66cfa1be2854d0b7d3f34eb9440db681a102742348f23df395e13f35b9 19.92MB / 154.16MB 97.1s
#6 sha256:caa158ab8adc89260e76297aa3c7da3058b7caaabe36126e0a86696a7859e335 41.94MB / 82.32MB 188.9s
#6 sha256:d40d0c3e0c233356c8d8121ea0b697aab1bc7619566bb8c573f4bb0aa56cea9f 42.99MB / 2.87GB 188.9s
#6 sha256:84009f66cfa1be2854d0b7d3f34eb9440db681a102742348f23df395e13f35b9 23.07MB / 154.16MB 102.2s
#6 sha256:caa158ab8adc89260e76297aa3c7da3058b7caaabe36126e0a86696a7859e335 42.99MB / 82.32MB 194.0s
#6 sha256:d40d0c3e0c233356c8d8121ea0b697aab1bc7619566bb8c573f4bb0aa56cea9f 44.04MB / 2.87GB 194.0s
#6 sha256:84009f66cfa1be2854d0b7d3f34eb9440db681a102742348f23df395e13f35b9 25.17MB / 154.16MB 107.3s
#6 sha256:caa158ab8adc89260e76297aa3c7da3058b7caaabe36126e0a86696a7859e335 44.04MB / 82.32MB 199.1s
#6 sha256:d40d0c3e0c233356c8d8121ea0b697aab1bc7619566bb8c573f4bb0aa56cea9f 46.14MB / 2.87GB 199.1s
#6 sha256:84009f66cfa1be2854d0b7d3f34eb9440db681a102742348f23df395e13f35b9 27.26MB / 154.16MB 112.4s
#6 sha256:caa158ab8adc89260e76297aa3c7da3058b7caaabe36126e0a86696a7859e335 45.09MB / 82.32MB 204.2s
#6 sha256:d40d0c3e0c233356c8d8121ea0b697aab1bc7619566bb8c573f4bb0aa56cea9f 48.23MB / 2.87GB 204.2s
#6 sha256:84009f66cfa1be2854d0b7d3f34eb9440db681a102742348f23df395e13f35b9 28.31MB / 154.16MB 117.5s
#6 sha256:caa158ab8adc89260e76297aa3c7da3058b7caaabe36126e0a86696a7859e335 47.19MB / 82.32MB 209.3s
#6 sha256:d40d0c3e0c233356c8d8121ea0b697aab1bc7619566bb8c573f4bb0aa56cea9f 49.28MB / 2.87GB 209.3s
#6 sha256:84009f66cfa1be2854d0b7d3f34eb9440db681a102742348f23df395e13f35b9 29.36MB / 154.16MB 122.6s
#6 sha256:caa158ab8adc89260e76297aa3c7da3058b7caaabe36126e0a86696a7859e335 49.28MB / 82.32MB 214.4s
#6 sha256:d40d0c3e0c233356c8d8121ea0b697aab1bc7619566bb8c573f4bb0aa56cea9f 52.43MB / 2.87GB 214.4s
#6 sha256:84009f66cfa1be2854d0b7d3f34eb9440db681a102742348f23df395e13f35b9 31.46MB / 154.16MB 127.7s
#6 sha256:caa158ab8adc89260e76297aa3c7da3058b7caaabe36126e0a86696a7859e335 50.33MB / 82.32MB 219.5s
#6 sha256:d40d0c3e0c233356c8d8121ea0b697aab1bc7619566bb8c573f4bb0aa56cea9f 54.53MB / 2.87GB 219.5s
#6 sha256:84009f66cfa1be2854d0b7d3f34eb9440db681a102742348f23df395e13f35b9 32.51MB / 154.16MB 132.8s
#6 sha256:caa158ab8adc89260e76297aa3c7da3058b7caaabe36126e0a86696a7859e335 51.38MB / 82.32MB 224.6s
#6 sha256:d40d0c3e0c233356c8d8121ea0b697aab1bc7619566bb8c573f4bb0aa56cea9f 57.67MB / 2.87GB 224.6s
#6 sha256:84009f66cfa1be2854d0b7d3f34eb9440db681a102742348f23df395e13f35b9 34.60MB / 154.16MB 137.9s
#6 sha256:caa158ab8adc89260e76297aa3c7da3058b7caaabe36126e0a86696a7859e335 53.48MB / 82.32MB 229.7s
#6 sha256:d40d0c3e0c233356c8d8121ea0b697aab1bc7619566bb8c573f4bb0aa56cea9f 59.77MB / 2.87GB 229.7s
#6 sha256:84009f66cfa1be2854d0b7d3f34eb9440db681a102742348f23df395e13f35b9 35.65MB / 154.16MB 143.0s
#6 sha256:caa158ab8adc89260e76297aa3c7da3058b7caaabe36126e0a86696a7859e335 54.53MB / 82.32MB 234.8s
#6 sha256:d40d0c3e0c233356c8d8121ea0b697aab1bc7619566bb8c573f4bb0aa56cea9f 60.82MB / 2.87GB 234.8s
#6 sha256:84009f66cfa1be2854d0b7d3f34eb9440db681a102742348f23df395e13f35b9 36.70MB / 154.16MB 148.1s
#6 sha256:caa158ab8adc89260e76297aa3c7da3058b7caaabe36126e0a86696a7859e335 54.53MB / 82.32MB 239.9s
#6 sha256:d40d0c3e0c233356c8d8121ea0b697aab1bc7619566bb8c573f4bb0aa56cea9f 61.87MB / 2.87GB 239.9s
#6 sha256:84009f66cfa1be2854d0b7d3f34eb9440db681a102742348f23df395e13f35b9 37.75MB / 154.16MB 153.2s
#6 sha256:caa158ab8adc89260e76297aa3c7da3058b7caaabe36126e0a86696a7859e335 54.53MB / 82.32MB 245.0s
#6 sha256:d40d0c3e0c233356c8d8121ea0b697aab1bc7619566bb8c573f4bb0aa56cea9f 62.91MB / 2.87GB 245.0s
#6 sha256:84009f66cfa1be2854d0b7d3f34eb9440db681a102742348f23df395e13f35b9 38.80MB / 154.16MB 158.3s
#6 sha256:caa158ab8adc89260e76297aa3c7da3058b7caaabe36126e0a86696a7859e335 56.62MB / 82.32MB 250.1s
#6 sha256:d40d0c3e0c233356c8d8121ea0b697aab1bc7619566bb8c573f4bb0aa56cea9f 63.96MB / 2.87GB 250.1s
#6 sha256:84009f66cfa1be2854d0b7d3f34eb9440db681a102742348f23df395e13f35b9 40.89MB / 154.16MB 163.4s
#6 sha256:caa158ab8adc89260e76297aa3c7da3058b7caaabe36126e0a86696a7859e335 56.62MB / 82.32MB 255.2s
#6 sha256:d40d0c3e0c233356c8d8121ea0b697aab1bc7619566bb8c573f4bb0aa56cea9f 66.06MB / 2.87GB 255.2s
#6 sha256:84009f66cfa1be2854d0b7d3f34eb9440db681a102742348f23df395e13f35b9 44.04MB / 154.16MB 168.5s
#6 sha256:caa158ab8adc89260e76297aa3c7da3058b7caaabe36126e0a86696a7859e335 57.67MB / 82.32MB 260.3s
#6 sha256:d40d0c3e0c233356c8d8121ea0b697aab1bc7619566bb8c573f4bb0aa56cea9f 67.11MB / 2.87GB 260.3s
#6 sha256:84009f66cfa1be2854d0b7d3f34eb9440db681a102742348f23df395e13f35b9 46.14MB / 154.16MB 173.6s
#6 sha256:caa158ab8adc89260e76297aa3c7da3058b7caaabe36126e0a86696a7859e335 58.72MB / 82.32MB 265.4s
#6 sha256:d40d0c3e0c233356c8d8121ea0b697aab1bc7619566bb8c573f4bb0aa56cea9f 69.21MB / 2.87GB 265.4s
#6 sha256:84009f66cfa1be2854d0b7d3f34eb9440db681a102742348f23df395e13f35b9 48.23MB / 154.16MB 178.7s
#6 sha256:caa158ab8adc89260e76297aa3c7da3058b7caaabe36126e0a86696a7859e335 60.82MB / 82.32MB 270.5s
#6 sha256:d40d0c3e0c233356c8d8121ea0b697aab1bc7619566bb8c573f4bb0aa56cea9f 71.30MB / 2.87GB 270.5s
#6 sha256:84009f66cfa1be2854d0b7d3f34eb9440db681a102742348f23df395e13f35b9 51.38MB / 154.16MB 183.8s
#6 sha256:caa158ab8adc89260e76297aa3c7da3058b7caaabe36126e0a86696a7859e335 61.87MB / 82.32MB 275.6s
#6 sha256:d40d0c3e0c233356c8d8121ea0b697aab1bc7619566bb8c573f4bb0aa56cea9f 73.40MB / 2.87GB 275.6s
#6 sha256:84009f66cfa1be2854d0b7d3f34eb9440db681a102742348f23df395e13f35b9 53.48MB / 154.16MB 188.9s
#6 sha256:caa158ab8adc89260e76297aa3c7da3058b7caaabe36126e0a86696a7859e335 63.96MB / 82.32MB 280.7s
#6 sha256:d40d0c3e0c233356c8d8121ea0b697aab1bc7619566bb8c573f4bb0aa56cea9f 75.50MB / 2.87GB 280.7s
#6 sha256:84009f66cfa1be2854d0b7d3f34eb9440db681a102742348f23df395e13f35b9 55.57MB / 154.16MB 194.0s
#6 sha256:caa158ab8adc89260e76297aa3c7da3058b7caaabe36126e0a86696a7859e335 65.01MB / 82.32MB 285.8s
#6 sha256:d40d0c3e0c233356c8d8121ea0b697aab1bc7619566bb8c573f4bb0aa56cea9f 77.59MB / 2.87GB 285.8s
#6 sha256:84009f66cfa1be2854d0b7d3f34eb9440db681a102742348f23df395e13f35b9 57.67MB / 154.16MB 199.1s
#6 sha256:caa158ab8adc89260e76297aa3c7da3058b7caaabe36126e0a86696a7859e335 67.11MB / 82.32MB 290.9s
#6 sha256:d40d0c3e0c233356c8d8121ea0b697aab1bc7619566bb8c573f4bb0aa56cea9f 79.69MB / 2.87GB 290.9s
#6 sha256:84009f66cfa1be2854d0b7d3f34eb9440db681a102742348f23df395e13f35b9 59.77MB / 154.16MB 204.2s
#6 sha256:caa158ab8adc89260e76297aa3c7da3058b7caaabe36126e0a86696a7859e335 69.21MB / 82.32MB 296.0s
#6 sha256:d40d0c3e0c233356c8d8121ea0b697aab1bc7619566bb8c573f4bb0aa56cea9f 81.79MB / 2.87GB 296.0s
#6 sha256:84009f66cfa1be2854d0b7d3f34eb9440db681a102742348f23df395e13f35b9 60.82MB / 154.16MB 209.3s
#6 sha256:caa158ab8adc89260e76297aa3c7da3058b7caaabe36126e0a86696a7859e335 70.25MB / 82.32MB 301.1s
#6 sha256:d40d0c3e0c233356c8d8121ea0b697aab1bc7619566bb8c573f4bb0aa56cea9f 84.93MB / 2.87GB 301.1s
#6 sha256:84009f66cfa1be2854d0b7d3f34eb9440db681a102742348f23df395e13f35b9 62.91MB / 154.16MB 214.4s
#6 sha256:caa158ab8adc89260e76297aa3c7da3058b7caaabe36126e0a86696a7859e335 72.35MB / 82.32MB 306.2s
#6 sha256:d40d0c3e0c233356c8d8121ea0b697aab1bc7619566bb8c573f4bb0aa56cea9f 87.03MB / 2.87GB 306.2s
#6 sha256:84009f66cfa1be2854d0b7d3f34eb9440db681a102742348f23df395e13f35b9 66.06MB / 154.16MB 219.5s
#6 sha256:caa158ab8adc89260e76297aa3c7da3058b7caaabe36126e0a86696a7859e335 73.40MB / 82.32MB 311.3s
#6 sha256:d40d0c3e0c233356c8d8121ea0b697aab1bc7619566bb8c573f4bb0aa56cea9f 88.08MB / 2.87GB 311.3s
#6 sha256:84009f66cfa1be2854d0b7d3f34eb9440db681a102742348f23df395e13f35b9 68.16MB / 154.16MB 224.6s
#6 sha256:caa158ab8adc89260e76297aa3c7da3058b7caaabe36126e0a86696a7859e335 75.50MB / 82.32MB 316.4s
#6 sha256:d40d0c3e0c233356c8d8121ea0b697aab1bc7619566bb8c573f4bb0aa56cea9f 90.18MB / 2.87GB 316.4s
#6 sha256:84009f66cfa1be2854d0b7d3f34eb9440db681a102742348f23df395e13f35b9 71.30MB / 154.16MB 229.7s
#6 sha256:caa158ab8adc89260e76297aa3c7da3058b7caaabe36126e0a86696a7859e335 76.55MB / 82.32MB 321.5s
#6 sha256:d40d0c3e0c233356c8d8121ea0b697aab1bc7619566bb8c573f4bb0aa56cea9f 92.27MB / 2.87GB 321.5s
#6 sha256:84009f66cfa1be2854d0b7d3f34eb9440db681a102742348f23df395e13f35b9 73.40MB / 154.16MB 234.8s
#6 sha256:caa158ab8adc89260e76297aa3c7da3058b7caaabe36126e0a86696a7859e335 78.64MB / 82.32MB 326.6s
#6 sha256:d40d0c3e0c233356c8d8121ea0b697aab1bc7619566bb8c573f4bb0aa56cea9f 94.37MB / 2.87GB 326.6s
#6 sha256:84009f66cfa1be2854d0b7d3f34eb9440db681a102742348f23df395e13f35b9 75.50MB / 154.16MB 239.9s
#6 sha256:caa158ab8adc89260e76297aa3c7da3058b7caaabe36126e0a86696a7859e335 79.69MB / 82.32MB 331.7s
#6 sha256:d40d0c3e0c233356c8d8121ea0b697aab1bc7619566bb8c573f4bb0aa56cea9f 96.47MB / 2.87GB 331.7s
#6 sha256:84009f66cfa1be2854d0b7d3f34eb9440db681a102742348f23df395e13f35b9 78.64MB / 154.16MB 245.0s
#6 sha256:caa158ab8adc89260e76297aa3c7da3058b7caaabe36126e0a86696a7859e335 81.79MB / 82.32MB 336.8s
#6 sha256:caa158ab8adc89260e76297aa3c7da3058b7caaabe36126e0a86696a7859e335 82.32MB / 82.32MB 336.9s done
#6 sha256:d40d0c3e0c233356c8d8121ea0b697aab1bc7619566bb8c573f4bb0aa56cea9f 98.57MB / 2.87GB 336.8s
#6 sha256:84009f66cfa1be2854d0b7d3f34eb9440db681a102742348f23df395e13f35b9 81.79MB / 154.16MB 250.1s
#6 sha256:d40d0c3e0c233356c8d8121ea0b697aab1bc7619566bb8c573f4bb0aa56cea9f 100.66MB / 2.87GB 341.9s
#6 sha256:84009f66cfa1be2854d0b7d3f34eb9440db681a102742348f23df395e13f35b9 84.93MB / 154.16MB 255.2s
#6 sha256:d40d0c3e0c233356c8d8121ea0b697aab1bc7619566bb8c573f4bb0aa56cea9f 103.81MB / 2.87GB 347.0s
#6 sha256:84009f66cfa1be2854d0b7d3f34eb9440db681a102742348f23df395e13f35b9 87.03MB / 154.16MB 260.3s
#6 sha256:d40d0c3e0c233356c8d8121ea0b697aab1bc7619566bb8c573f4bb0aa56cea9f 108.00MB / 2.87GB 352.1s
#6 sha256:84009f66cfa1be2854d0b7d3f34eb9440db681a102742348f23df395e13f35b9 90.18MB / 154.16MB 265.4s
#6 sha256:d40d0c3e0c233356c8d8121ea0b697aab1bc7619566bb8c573f4bb0aa56cea9f 110.10MB / 2.87GB 357.2s
#6 sha256:84009f66cfa1be2854d0b7d3f34eb9440db681a102742348f23df395e13f35b9 93.32MB / 154.16MB 270.5s
#6 sha256:d40d0c3e0c233356c8d8121ea0b697aab1bc7619566bb8c573f4bb0aa56cea9f 114.29MB / 2.87GB 362.3s
#6 sha256:84009f66cfa1be2854d0b7d3f34eb9440db681a102742348f23df395e13f35b9 96.47MB / 154.16MB 275.6s
#6 sha256:d40d0c3e0c233356c8d8121ea0b697aab1bc7619566bb8c573f4bb0aa56cea9f 117.44MB / 2.87GB 367.4s
#6 sha256:84009f66cfa1be2854d0b7d3f34eb9440db681a102742348f23df395e13f35b9 99.61MB / 154.16MB 280.7s
#6 sha256:d40d0c3e0c233356c8d8121ea0b697aab1bc7619566bb8c573f4bb0aa56cea9f 120.59MB / 2.87GB 372.5s
#6 sha256:84009f66cfa1be2854d0b7d3f34eb9440db681a102742348f23df395e13f35b9 101.71MB / 154.16MB 285.8s
#6 sha256:d40d0c3e0c233356c8d8121ea0b697aab1bc7619566bb8c573f4bb0aa56cea9f 123.73MB / 2.87GB 377.6s
#6 sha256:84009f66cfa1be2854d0b7d3f34eb9440db681a102742348f23df395e13f35b9 104.86MB / 154.16MB 290.9s
#6 sha256:d40d0c3e0c233356c8d8121ea0b697aab1bc7619566bb8c573f4bb0aa56cea9f 126.88MB / 2.87GB 382.7s
#6 sha256:84009f66cfa1be2854d0b7d3f34eb9440db681a102742348f23df395e13f35b9 108.00MB / 154.16MB 296.0s
#6 sha256:d40d0c3e0c233356c8d8121ea0b697aab1bc7619566bb8c573f4bb0aa56cea9f 131.07MB / 2.87GB 387.8s
#6 sha256:84009f66cfa1be2854d0b7d3f34eb9440db681a102742348f23df395e13f35b9 110.10MB / 154.16MB 301.1s
#6 sha256:d40d0c3e0c233356c8d8121ea0b697aab1bc7619566bb8c573f4bb0aa56cea9f 133.17MB / 2.87GB 392.9s
#6 sha256:84009f66cfa1be2854d0b7d3f34eb9440db681a102742348f23df395e13f35b9 111.15MB / 154.16MB 306.2s
#6 sha256:d40d0c3e0c233356c8d8121ea0b697aab1bc7619566bb8c573f4bb0aa56cea9f 135.27MB / 2.87GB 398.0s
#6 sha256:84009f66cfa1be2854d0b7d3f34eb9440db681a102742348f23df395e13f35b9 114.29MB / 154.16MB 311.3s
#6 sha256:d40d0c3e0c233356c8d8121ea0b697aab1bc7619566bb8c573f4bb0aa56cea9f 137.36MB / 2.87GB 403.1s
#6 sha256:84009f66cfa1be2854d0b7d3f34eb9440db681a102742348f23df395e13f35b9 116.39MB / 154.16MB 316.4s
#6 sha256:d40d0c3e0c233356c8d8121ea0b697aab1bc7619566bb8c573f4bb0aa56cea9f 139.46MB / 2.87GB 408.2s
#6 sha256:84009f66cfa1be2854d0b7d3f34eb9440db681a102742348f23df395e13f35b9 118.49MB / 154.16MB 321.5s
#6 sha256:d40d0c3e0c233356c8d8121ea0b697aab1bc7619566bb8c573f4bb0aa56cea9f 141.56MB / 2.87GB 413.3s
#6 sha256:84009f66cfa1be2854d0b7d3f34eb9440db681a102742348f23df395e13f35b9 122.68MB / 154.16MB 326.6s
#6 sha256:d40d0c3e0c233356c8d8121ea0b697aab1bc7619566bb8c573f4bb0aa56cea9f 144.70MB / 2.87GB 418.4s
#6 sha256:84009f66cfa1be2854d0b7d3f34eb9440db681a102742348f23df395e13f35b9 124.78MB / 154.16MB 331.7s
#6 sha256:d40d0c3e0c233356c8d8121ea0b697aab1bc7619566bb8c573f4bb0aa56cea9f 147.85MB / 2.87GB 423.5s
#6 sha256:84009f66cfa1be2854d0b7d3f34eb9440db681a102742348f23df395e13f35b9 127.93MB / 154.16MB 336.8s
#6 sha256:d40d0c3e0c233356c8d8121ea0b697aab1bc7619566bb8c573f4bb0aa56cea9f 149.95MB / 2.87GB 428.6s
#6 sha256:84009f66cfa1be2854d0b7d3f34eb9440db681a102742348f23df395e13f35b9 130.02MB / 154.16MB 341.9s
#6 sha256:d40d0c3e0c233356c8d8121ea0b697aab1bc7619566bb8c573f4bb0aa56cea9f 153.09MB / 2.87GB 433.7s
#6 sha256:84009f66cfa1be2854d0b7d3f34eb9440db681a102742348f23df395e13f35b9 133.17MB / 154.16MB 347.0s
#6 sha256:d40d0c3e0c233356c8d8121ea0b697aab1bc7619566bb8c573f4bb0aa56cea9f 155.19MB / 2.87GB 438.8s
#6 sha256:84009f66cfa1be2854d0b7d3f34eb9440db681a102742348f23df395e13f35b9 136.31MB / 154.16MB 352.1s
#6 sha256:d40d0c3e0c233356c8d8121ea0b697aab1bc7619566bb8c573f4bb0aa56cea9f 157.29MB / 2.87GB 443.9s
#6 sha256:84009f66cfa1be2854d0b7d3f34eb9440db681a102742348f23df395e13f35b9 139.46MB / 154.16MB 357.2s
#6 sha256:d40d0c3e0c233356c8d8121ea0b697aab1bc7619566bb8c573f4bb0aa56cea9f 159.38MB / 2.87GB 449.0s
#6 sha256:84009f66cfa1be2854d0b7d3f34eb9440db681a102742348f23df395e13f35b9 142.61MB / 154.16MB 362.3s
#6 sha256:d40d0c3e0c233356c8d8121ea0b697aab1bc7619566bb8c573f4bb0aa56cea9f 160.43MB / 2.87GB 454.1s
#6 sha256:84009f66cfa1be2854d0b7d3f34eb9440db681a102742348f23df395e13f35b9 145.75MB / 154.16MB 367.4s
#6 sha256:d40d0c3e0c233356c8d8121ea0b697aab1bc7619566bb8c573f4bb0aa56cea9f 163.58MB / 2.87GB 459.2s
#6 sha256:84009f66cfa1be2854d0b7d3f34eb9440db681a102742348f23df395e13f35b9 147.85MB / 154.16MB 372.5s
#6 sha256:d40d0c3e0c233356c8d8121ea0b697aab1bc7619566bb8c573f4bb0aa56cea9f 164.63MB / 2.87GB 464.3s
#6 sha256:84009f66cfa1be2854d0b7d3f34eb9440db681a102742348f23df395e13f35b9 150.99MB / 154.16MB 377.6s
#6 sha256:d40d0c3e0c233356c8d8121ea0b697aab1bc7619566bb8c573f4bb0aa56cea9f 165.68MB / 2.87GB 469.4s
#6 sha256:84009f66cfa1be2854d0b7d3f34eb9440db681a102742348f23df395e13f35b9 154.16MB / 154.16MB 382.1s done
#6 extracting sha256:84009f66cfa1be2854d0b7d3f34eb9440db681a102742348f23df395e13f35b9
#6 sha256:d40d0c3e0c233356c8d8121ea0b697aab1bc7619566bb8c573f4bb0aa56cea9f 167.77MB / 2.87GB 474.5s
#6 extracting sha256:84009f66cfa1be2854d0b7d3f34eb9440db681a102742348f23df395e13f35b9 5.6s done
#6 extracting sha256:e783779843b9729cbed474416bdc0befa90fec2e319179403f4db148d008d0ef
#6 extracting sha256:e783779843b9729cbed474416bdc0befa90fec2e319179403f4db148d008d0ef 0.6s done
#6 extracting sha256:a8223d5b70a4c9c8abfbc5c2cedf51ca7d9cb833fddb60295a02ac52055e8d2f 0.0s done
#6 sha256:d40d0c3e0c233356c8d8121ea0b697aab1bc7619566bb8c573f4bb0aa56cea9f 171.97MB / 2.87GB 479.6s
#6 sha256:d40d0c3e0c233356c8d8121ea0b697aab1bc7619566bb8c573f4bb0aa56cea9f 174.06MB / 2.87GB 484.7s
#6 sha256:d40d0c3e0c233356c8d8121ea0b697aab1bc7619566bb8c573f4bb0aa56cea9f 177.21MB / 2.87GB 489.8s
#6 sha256:d40d0c3e0c233356c8d8121ea0b697aab1bc7619566bb8c573f4bb0aa56cea9f 180.36MB / 2.87GB 494.9s
#6 sha256:d40d0c3e0c233356c8d8121ea0b697aab1bc7619566bb8c573f4bb0aa56cea9f 183.50MB / 2.87GB 500.0s
#6 sha256:d40d0c3e0c233356c8d8121ea0b697aab1bc7619566bb8c573f4bb0aa56cea9f 187.70MB / 2.87GB 505.1s
#6 sha256:d40d0c3e0c233356c8d8121ea0b697aab1bc7619566bb8c573f4bb0aa56cea9f 191.89MB / 2.87GB 510.2s
#6 sha256:d40d0c3e0c233356c8d8121ea0b697aab1bc7619566bb8c573f4bb0aa56cea9f 196.08MB / 2.87GB 515.3s
#6 sha256:d40d0c3e0c233356c8d8121ea0b697aab1bc7619566bb8c573f4bb0aa56cea9f 199.23MB / 2.87GB 520.4s
#6 sha256:d40d0c3e0c233356c8d8121ea0b697aab1bc7619566bb8c573f4bb0aa56cea9f 203.42MB / 2.87GB 525.5s
#6 sha256:d40d0c3e0c233356c8d8121ea0b697aab1bc7619566bb8c573f4bb0aa56cea9f 208.67MB / 2.87GB 530.6s
#6 sha256:d40d0c3e0c233356c8d8121ea0b697aab1bc7619566bb8c573f4bb0aa56cea9f 213.91MB / 2.87GB 535.7s
#6 sha256:d40d0c3e0c233356c8d8121ea0b697aab1bc7619566bb8c573f4bb0aa56cea9f 219.15MB / 2.87GB 540.8s
#6 sha256:d40d0c3e0c233356c8d8121ea0b697aab1bc7619566bb8c573f4bb0aa56cea9f 223.35MB / 2.87GB 545.9s
#6 sha256:d40d0c3e0c233356c8d8121ea0b697aab1bc7619566bb8c573f4bb0aa56cea9f 227.54MB / 2.87GB 551.0s
#6 sha256:d40d0c3e0c233356c8d8121ea0b697aab1bc7619566bb8c573f4bb0aa56cea9f 230.69MB / 2.87GB 556.1s
#6 sha256:d40d0c3e0c233356c8d8121ea0b697aab1bc7619566bb8c573f4bb0aa56cea9f 234.88MB / 2.87GB 561.2s
#6 sha256:d40d0c3e0c233356c8d8121ea0b697aab1bc7619566bb8c573f4bb0aa56cea9f 235.93MB / 2.87GB 566.3s
#6 sha256:d40d0c3e0c233356c8d8121ea0b697aab1bc7619566bb8c573f4bb0aa56cea9f 236.98MB / 2.87GB 571.4s
#6 sha256:d40d0c3e0c233356c8d8121ea0b697aab1bc7619566bb8c573f4bb0aa56cea9f 238.03MB / 2.87GB 576.5s
#6 sha256:d40d0c3e0c233356c8d8121ea0b697aab1bc7619566bb8c573f4bb0aa56cea9f 239.08MB / 2.87GB 581.6s
#6 sha256:d40d0c3e0c233356c8d8121ea0b697aab1bc7619566bb8c573f4bb0aa56cea9f 241.17MB / 2.87GB 586.7s
#6 sha256:d40d0c3e0c233356c8d8121ea0b697aab1bc7619566bb8c573f4bb0aa56cea9f 243.27MB / 2.87GB 591.8s
#6 sha256:d40d0c3e0c233356c8d8121ea0b697aab1bc7619566bb8c573f4bb0aa56cea9f 244.32MB / 2.87GB 596.9s
#6 sha256:d40d0c3e0c233356c8d8121ea0b697aab1bc7619566bb8c573f4bb0aa56cea9f 245.37MB / 2.87GB 602.0s
#6 sha256:d40d0c3e0c233356c8d8121ea0b697aab1bc7619566bb8c573f4bb0aa56cea9f 250.61MB / 2.87GB 607.1s
#6 sha256:d40d0c3e0c233356c8d8121ea0b697aab1bc7619566bb8c573f4bb0aa56cea9f 255.85MB / 2.87GB 612.2s
#6 sha256:d40d0c3e0c233356c8d8121ea0b697aab1bc7619566bb8c573f4bb0aa56cea9f 256.90MB / 2.87GB 617.3s
#6 sha256:d40d0c3e0c233356c8d8121ea0b697aab1bc7619566bb8c573f4bb0aa56cea9f 257.95MB / 2.87GB 622.4s
#6 sha256:d40d0c3e0c233356c8d8121ea0b697aab1bc7619566bb8c573f4bb0aa56cea9f 263.19MB / 2.87GB 627.5s
#6 sha256:d40d0c3e0c233356c8d8121ea0b697aab1bc7619566bb8c573f4bb0aa56cea9f 267.39MB / 2.87GB 632.6s
#6 sha256:d40d0c3e0c233356c8d8121ea0b697aab1bc7619566bb8c573f4bb0aa56cea9f 272.63MB / 2.87GB 637.7s
#6 sha256:d40d0c3e0c233356c8d8121ea0b697aab1bc7619566bb8c573f4bb0aa56cea9f 277.87MB / 2.87GB 642.8s
#6 sha256:d40d0c3e0c233356c8d8121ea0b697aab1bc7619566bb8c573f4bb0aa56cea9f 281.02MB / 2.87GB 647.9s
#6 sha256:d40d0c3e0c233356c8d8121ea0b697aab1bc7619566bb8c573f4bb0aa56cea9f 285.21MB / 2.87GB 653.0s
#6 sha256:d40d0c3e0c233356c8d8121ea0b697aab1bc7619566bb8c573f4bb0aa56cea9f 289.41MB / 2.87GB 658.1s
#6 sha256:d40d0c3e0c233356c8d8121ea0b697aab1bc7619566bb8c573f4bb0aa56cea9f 294.65MB / 2.87GB 663.2s
#6 sha256:d40d0c3e0c233356c8d8121ea0b697aab1bc7619566bb8c573f4bb0aa56cea9f 300.94MB / 2.87GB 668.3s
#6 sha256:d40d0c3e0c233356c8d8121ea0b697aab1bc7619566bb8c573f4bb0aa56cea9f 304.09MB / 2.87GB 673.4s
#6 sha256:d40d0c3e0c233356c8d8121ea0b697aab1bc7619566bb8c573f4bb0aa56cea9f 309.33MB / 2.87GB 678.5s
#6 sha256:d40d0c3e0c233356c8d8121ea0b697aab1bc7619566bb8c573f4bb0aa56cea9f 314.57MB / 2.87GB 683.6s
#6 sha256:d40d0c3e0c233356c8d8121ea0b697aab1bc7619566bb8c573f4bb0aa56cea9f 318.77MB / 2.87GB 688.7s
#6 sha256:d40d0c3e0c233356c8d8121ea0b697aab1bc7619566bb8c573f4bb0aa56cea9f 321.91MB / 2.87GB 693.8s
#6 sha256:d40d0c3e0c233356c8d8121ea0b697aab1bc7619566bb8c573f4bb0aa56cea9f 327.16MB / 2.87GB 698.9s
#6 sha256:d40d0c3e0c233356c8d8121ea0b697aab1bc7619566bb8c573f4bb0aa56cea9f 332.40MB / 2.87GB 704.0s
#6 sha256:d40d0c3e0c233356c8d8121ea0b697aab1bc7619566bb8c573f4bb0aa56cea9f 337.64MB / 2.87GB 709.1s
#6 sha256:d40d0c3e0c233356c8d8121ea0b697aab1bc7619566bb8c573f4bb0aa56cea9f 340.79MB / 2.87GB 714.2s
#6 sha256:d40d0c3e0c233356c8d8121ea0b697aab1bc7619566bb8c573f4bb0aa56cea9f 346.03MB / 2.87GB 719.3s
#6 sha256:d40d0c3e0c233356c8d8121ea0b697aab1bc7619566bb8c573f4bb0aa56cea9f 348.13MB / 2.87GB 724.4s
#6 sha256:d40d0c3e0c233356c8d8121ea0b697aab1bc7619566bb8c573f4bb0aa56cea9f 352.32MB / 2.87GB 729.5s
#6 sha256:d40d0c3e0c233356c8d8121ea0b697aab1bc7619566bb8c573f4bb0aa56cea9f 356.52MB / 2.87GB 734.6s
#6 sha256:d40d0c3e0c233356c8d8121ea0b697aab1bc7619566bb8c573f4bb0aa56cea9f 358.61MB / 2.87GB 739.7s
#6 sha256:d40d0c3e0c233356c8d8121ea0b697aab1bc7619566bb8c573f4bb0aa56cea9f 362.81MB / 2.87GB 744.8s
#6 sha256:d40d0c3e0c233356c8d8121ea0b697aab1bc7619566bb8c573f4bb0aa56cea9f 367.00MB / 2.87GB 749.9s
#6 sha256:d40d0c3e0c233356c8d8121ea0b697aab1bc7619566bb8c573f4bb0aa56cea9f 371.20MB / 2.87GB 755.0s
#6 sha256:d40d0c3e0c233356c8d8121ea0b697aab1bc7619566bb8c573f4bb0aa56cea9f 374.34MB / 2.87GB 760.1s
#6 sha256:d40d0c3e0c233356c8d8121ea0b697aab1bc7619566bb8c573f4bb0aa56cea9f 379.58MB / 2.87GB 765.2s
#6 sha256:d40d0c3e0c233356c8d8121ea0b697aab1bc7619566bb8c573f4bb0aa56cea9f 383.78MB / 2.87GB 770.3s
#6 sha256:d40d0c3e0c233356c8d8121ea0b697aab1bc7619566bb8c573f4bb0aa56cea9f 389.02MB / 2.87GB 775.4s
#6 sha256:d40d0c3e0c233356c8d8121ea0b697aab1bc7619566bb8c573f4bb0aa56cea9f 393.22MB / 2.87GB 780.5s
#6 sha256:d40d0c3e0c233356c8d8121ea0b697aab1bc7619566bb8c573f4bb0aa56cea9f 398.46MB / 2.87GB 785.6s
#6 sha256:d40d0c3e0c233356c8d8121ea0b697aab1bc7619566bb8c573f4bb0aa56cea9f 403.70MB / 2.87GB 790.7s
#6 sha256:d40d0c3e0c233356c8d8121ea0b697aab1bc7619566bb8c573f4bb0aa56cea9f 406.85MB / 2.87GB 795.8s
#6 sha256:d40d0c3e0c233356c8d8121ea0b697aab1bc7619566bb8c573f4bb0aa56cea9f 409.99MB / 2.87GB 800.9s
#6 sha256:d40d0c3e0c233356c8d8121ea0b697aab1bc7619566bb8c573f4bb0aa56cea9f 414.19MB / 2.87GB 806.0s
#6 sha256:d40d0c3e0c233356c8d8121ea0b697aab1bc7619566bb8c573f4bb0aa56cea9f 418.38MB / 2.87GB 811.1s
#6 sha256:d40d0c3e0c233356c8d8121ea0b697aab1bc7619566bb8c573f4bb0aa56cea9f 421.53MB / 2.87GB 816.2s
#6 sha256:d40d0c3e0c233356c8d8121ea0b697aab1bc7619566bb8c573f4bb0aa56cea9f 426.77MB / 2.87GB 821.3s
#6 sha256:d40d0c3e0c233356c8d8121ea0b697aab1bc7619566bb8c573f4bb0aa56cea9f 433.06MB / 2.87GB 826.4s
#6 sha256:d40d0c3e0c233356c8d8121ea0b697aab1bc7619566bb8c573f4bb0aa56cea9f 438.30MB / 2.87GB 831.5s
#6 sha256:d40d0c3e0c233356c8d8121ea0b697aab1bc7619566bb8c573f4bb0aa56cea9f 442.50MB / 2.87GB 836.6s
#6 sha256:d40d0c3e0c233356c8d8121ea0b697aab1bc7619566bb8c573f4bb0aa56cea9f 446.69MB / 2.87GB 841.7s
#6 sha256:d40d0c3e0c233356c8d8121ea0b697aab1bc7619566bb8c573f4bb0aa56cea9f 451.94MB / 2.87GB 846.8s
#6 sha256:d40d0c3e0c233356c8d8121ea0b697aab1bc7619566bb8c573f4bb0aa56cea9f 454.03MB / 2.87GB 851.9s
#6 sha256:d40d0c3e0c233356c8d8121ea0b697aab1bc7619566bb8c573f4bb0aa56cea9f 459.28MB / 2.87GB 857.0s
#6 sha256:d40d0c3e0c233356c8d8121ea0b697aab1bc7619566bb8c573f4bb0aa56cea9f 464.52MB / 2.87GB 862.1s
#6 sha256:d40d0c3e0c233356c8d8121ea0b697aab1bc7619566bb8c573f4bb0aa56cea9f 469.76MB / 2.87GB 867.2s
#6 sha256:d40d0c3e0c233356c8d8121ea0b697aab1bc7619566bb8c573f4bb0aa56cea9f 473.96MB / 2.87GB 872.3s
#6 sha256:d40d0c3e0c233356c8d8121ea0b697aab1bc7619566bb8c573f4bb0aa56cea9f 478.15MB / 2.87GB 877.4s
#6 sha256:d40d0c3e0c233356c8d8121ea0b697aab1bc7619566bb8c573f4bb0aa56cea9f 483.39MB / 2.87GB 882.5s
#6 sha256:d40d0c3e0c233356c8d8121ea0b697aab1bc7619566bb8c573f4bb0aa56cea9f 487.59MB / 2.87GB 887.6s
#6 sha256:d40d0c3e0c233356c8d8121ea0b697aab1bc7619566bb8c573f4bb0aa56cea9f 493.88MB / 2.87GB 892.7s
#6 sha256:d40d0c3e0c233356c8d8121ea0b697aab1bc7619566bb8c573f4bb0aa56cea9f 497.03MB / 2.87GB 897.8s
#6 sha256:d40d0c3e0c233356c8d8121ea0b697aab1bc7619566bb8c573f4bb0aa56cea9f 502.27MB / 2.87GB 902.9s
#6 sha256:d40d0c3e0c233356c8d8121ea0b697aab1bc7619566bb8c573f4bb0aa56cea9f 508.56MB / 2.87GB 908.0s
#6 sha256:d40d0c3e0c233356c8d8121ea0b697aab1bc7619566bb8c573f4bb0aa56cea9f 513.80MB / 2.87GB 913.1s
#6 sha256:d40d0c3e0c233356c8d8121ea0b697aab1bc7619566bb8c573f4bb0aa56cea9f 518.00MB / 2.87GB 918.2s
#6 sha256:d40d0c3e0c233356c8d8121ea0b697aab1bc7619566bb8c573f4bb0aa56cea9f 522.19MB / 2.87GB 923.3s
#6 sha256:d40d0c3e0c233356c8d8121ea0b697aab1bc7619566bb8c573f4bb0aa56cea9f 527.43MB / 2.87GB 928.4s
#6 sha256:d40d0c3e0c233356c8d8121ea0b697aab1bc7619566bb8c573f4bb0aa56cea9f 532.68MB / 2.87GB 933.5s
#6 sha256:d40d0c3e0c233356c8d8121ea0b697aab1bc7619566bb8c573f4bb0aa56cea9f 536.87MB / 2.87GB 938.6s
#6 sha256:d40d0c3e0c233356c8d8121ea0b697aab1bc7619566bb8c573f4bb0aa56cea9f 543.16MB / 2.87GB 943.7s
#6 sha256:d40d0c3e0c233356c8d8121ea0b697aab1bc7619566bb8c573f4bb0aa56cea9f 547.36MB / 2.87GB 948.8s
#6 sha256:d40d0c3e0c233356c8d8121ea0b697aab1bc7619566bb8c573f4bb0aa56cea9f 552.60MB / 2.87GB 953.9s
#6 sha256:d40d0c3e0c233356c8d8121ea0b697aab1bc7619566bb8c573f4bb0aa56cea9f 557.84MB / 2.87GB 959.0s
#6 sha256:d40d0c3e0c233356c8d8121ea0b697aab1bc7619566bb8c573f4bb0aa56cea9f 563.09MB / 2.87GB 964.1s
#6 sha256:d40d0c3e0c233356c8d8121ea0b697aab1bc7619566bb8c573f4bb0aa56cea9f 567.28MB / 2.87GB 969.2s
#6 sha256:d40d0c3e0c233356c8d8121ea0b697aab1bc7619566bb8c573f4bb0aa56cea9f 573.57MB / 2.87GB 974.3s
#6 sha256:d40d0c3e0c233356c8d8121ea0b697aab1bc7619566bb8c573f4bb0aa56cea9f 577.77MB / 2.87GB 979.4s
#6 sha256:d40d0c3e0c233356c8d8121ea0b697aab1bc7619566bb8c573f4bb0aa56cea9f 584.06MB / 2.87GB 984.5s
#6 sha256:d40d0c3e0c233356c8d8121ea0b697aab1bc7619566bb8c573f4bb0aa56cea9f 589.30MB / 2.87GB 989.6s
#6 sha256:d40d0c3e0c233356c8d8121ea0b697aab1bc7619566bb8c573f4bb0aa56cea9f 594.54MB / 2.87GB 994.7s
#6 sha256:d40d0c3e0c233356c8d8121ea0b697aab1bc7619566bb8c573f4bb0aa56cea9f 598.74MB / 2.87GB 999.8s
#6 sha256:d40d0c3e0c233356c8d8121ea0b697aab1bc7619566bb8c573f4bb0aa56cea9f 601.88MB / 2.87GB 1004.9s
#6 sha256:d40d0c3e0c233356c8d8121ea0b697aab1bc7619566bb8c573f4bb0aa56cea9f 608.17MB / 2.87GB 1010.0s
#6 sha256:d40d0c3e0c233356c8d8121ea0b697aab1bc7619566bb8c573f4bb0aa56cea9f 612.37MB / 2.87GB 1015.1s
#6 sha256:d40d0c3e0c233356c8d8121ea0b697aab1bc7619566bb8c573f4bb0aa56cea9f 616.56MB / 2.87GB 1020.2s
#6 sha256:d40d0c3e0c233356c8d8121ea0b697aab1bc7619566bb8c573f4bb0aa56cea9f 620.76MB / 2.87GB 1025.3s
#6 sha256:d40d0c3e0c233356c8d8121ea0b697aab1bc7619566bb8c573f4bb0aa56cea9f 626.00MB / 2.87GB 1030.4s
#6 sha256:d40d0c3e0c233356c8d8121ea0b697aab1bc7619566bb8c573f4bb0aa56cea9f 630.19MB / 2.87GB 1035.5s
#6 sha256:d40d0c3e0c233356c8d8121ea0b697aab1bc7619566bb8c573f4bb0aa56cea9f 635.44MB / 2.87GB 1040.6s
#6 sha256:d40d0c3e0c233356c8d8121ea0b697aab1bc7619566bb8c573f4bb0aa56cea9f 640.68MB / 2.87GB 1045.7s
#6 sha256:d40d0c3e0c233356c8d8121ea0b697aab1bc7619566bb8c573f4bb0aa56cea9f 646.97MB / 2.87GB 1050.8s
#6 sha256:d40d0c3e0c233356c8d8121ea0b697aab1bc7619566bb8c573f4bb0aa56cea9f 653.26MB / 2.87GB 1055.9s
#6 sha256:d40d0c3e0c233356c8d8121ea0b697aab1bc7619566bb8c573f4bb0aa56cea9f 658.51MB / 2.87GB 1061.0s
#6 sha256:d40d0c3e0c233356c8d8121ea0b697aab1bc7619566bb8c573f4bb0aa56cea9f 664.80MB / 2.87GB 1066.1s
#6 sha256:d40d0c3e0c233356c8d8121ea0b697aab1bc7619566bb8c573f4bb0aa56cea9f 670.04MB / 2.87GB 1071.2s
#6 sha256:d40d0c3e0c233356c8d8121ea0b697aab1bc7619566bb8c573f4bb0aa56cea9f 675.28MB / 2.87GB 1076.3s
#6 sha256:d40d0c3e0c233356c8d8121ea0b697aab1bc7619566bb8c573f4bb0aa56cea9f 679.48MB / 2.87GB 1081.4s
#6 sha256:d40d0c3e0c233356c8d8121ea0b697aab1bc7619566bb8c573f4bb0aa56cea9f 681.57MB / 2.87GB 1086.5s
#6 sha256:d40d0c3e0c233356c8d8121ea0b697aab1bc7619566bb8c573f4bb0aa56cea9f 681.57MB / 2.87GB 1091.6s
#6 sha256:d40d0c3e0c233356c8d8121ea0b697aab1bc7619566bb8c573f4bb0aa56cea9f 681.57MB / 2.87GB 1096.7s
#6 sha256:d40d0c3e0c233356c8d8121ea0b697aab1bc7619566bb8c573f4bb0aa56cea9f 681.57MB / 2.87GB 1101.8s
#6 sha256:d40d0c3e0c233356c8d8121ea0b697aab1bc7619566bb8c573f4bb0aa56cea9f 681.57MB / 2.87GB 1106.9s
#6 sha256:d40d0c3e0c233356c8d8121ea0b697aab1bc7619566bb8c573f4bb0aa56cea9f 681.57MB / 2.87GB 1112.0s
#6 sha256:d40d0c3e0c233356c8d8121ea0b697aab1bc7619566bb8c573f4bb0aa56cea9f 681.57MB / 2.87GB 1117.1s
#6 sha256:d40d0c3e0c233356c8d8121ea0b697aab1bc7619566bb8c573f4bb0aa56cea9f 681.57MB / 2.87GB 1122.2s
#6 sha256:d40d0c3e0c233356c8d8121ea0b697aab1bc7619566bb8c573f4bb0aa56cea9f 681.57MB / 2.87GB 1127.3s
#6 sha256:d40d0c3e0c233356c8d8121ea0b697aab1bc7619566bb8c573f4bb0aa56cea9f 681.57MB / 2.87GB 1132.4s
#6 sha256:d40d0c3e0c233356c8d8121ea0b697aab1bc7619566bb8c573f4bb0aa56cea9f 681.57MB / 2.87GB 1137.5s
#6 sha256:d40d0c3e0c233356c8d8121ea0b697aab1bc7619566bb8c573f4bb0aa56cea9f 681.57MB / 2.87GB 1142.6s
#6 sha256:d40d0c3e0c233356c8d8121ea0b697aab1bc7619566bb8c573f4bb0aa56cea9f 681.57MB / 2.87GB 1147.7s
#6 sha256:d40d0c3e0c233356c8d8121ea0b697aab1bc7619566bb8c573f4bb0aa56cea9f 681.57MB / 2.87GB 1152.8s
#6 sha256:d40d0c3e0c233356c8d8121ea0b697aab1bc7619566bb8c573f4bb0aa56cea9f 681.57MB / 2.87GB 1157.9s
#6 sha256:d40d0c3e0c233356c8d8121ea0b697aab1bc7619566bb8c573f4bb0aa56cea9f 681.57MB / 2.87GB 1163.0s
#6 sha256:d40d0c3e0c233356c8d8121ea0b697aab1bc7619566bb8c573f4bb0aa56cea9f 681.57MB / 2.87GB 1168.1s
#6 sha256:d40d0c3e0c233356c8d8121ea0b697aab1bc7619566bb8c573f4bb0aa56cea9f 681.57MB / 2.87GB 1173.2s
#6 sha256:d40d0c3e0c233356c8d8121ea0b697aab1bc7619566bb8c573f4bb0aa56cea9f 681.57MB / 2.87GB 1178.3s
#6 sha256:d40d0c3e0c233356c8d8121ea0b697aab1bc7619566bb8c573f4bb0aa56cea9f 681.57MB / 2.87GB 1183.4s
#6 sha256:d40d0c3e0c233356c8d8121ea0b697aab1bc7619566bb8c573f4bb0aa56cea9f 681.57MB / 2.87GB 1188.4s
#6 sha256:d40d0c3e0c233356c8d8121ea0b697aab1bc7619566bb8c573f4bb0aa56cea9f 681.57MB / 2.87GB 1193.5s
#6 sha256:d40d0c3e0c233356c8d8121ea0b697aab1bc7619566bb8c573f4bb0aa56cea9f 681.57MB / 2.87GB 1198.6s
#6 sha256:d40d0c3e0c233356c8d8121ea0b697aab1bc7619566bb8c573f4bb0aa56cea9f 681.57MB / 2.87GB 1203.7s
#6 sha256:d40d0c3e0c233356c8d8121ea0b697aab1bc7619566bb8c573f4bb0aa56cea9f 681.57MB / 2.87GB 1208.8s
#6 sha256:d40d0c3e0c233356c8d8121ea0b697aab1bc7619566bb8c573f4bb0aa56cea9f 681.57MB / 2.87GB 1213.9s
#6 sha256:d40d0c3e0c233356c8d8121ea0b697aab1bc7619566bb8c573f4bb0aa56cea9f 681.57MB / 2.87GB 1219.0s
#6 sha256:d40d0c3e0c233356c8d8121ea0b697aab1bc7619566bb8c573f4bb0aa56cea9f 681.57MB / 2.87GB 1224.1s
#6 sha256:d40d0c3e0c233356c8d8121ea0b697aab1bc7619566bb8c573f4bb0aa56cea9f 681.57MB / 2.87GB 1229.2s
#6 ...

#7 [auth] runpod/pytorch:pull token for registry-1.docker.io
#7 DONE 0.0s

#6 [ 1/21] FROM docker.io/runpod/pytorch:2.2.0-py3.10-cuda12.1.1-devel-ubuntu22.04@sha256:75bf115d87ee3813f8026fed3e11bae3bf68bfd789a9566878735245b723ef8b
#6 sha256:d40d0c3e0c233356c8d8121ea0b697aab1bc7619566bb8c573f4bb0aa56cea9f 681.57MB / 2.87GB 1234.3s
#6 sha256:d40d0c3e0c233356c8d8121ea0b697aab1bc7619566bb8c573f4bb0aa56cea9f 681.57MB / 2.87GB 1239.4s
#6 sha256:d40d0c3e0c233356c8d8121ea0b697aab1bc7619566bb8c573f4bb0aa56cea9f 681.57MB / 2.87GB 1244.5s
#6 sha256:d40d0c3e0c233356c8d8121ea0b697aab1bc7619566bb8c573f4bb0aa56cea9f 681.57MB / 2.87GB 1249.6s
#6 sha256:d40d0c3e0c233356c8d8121ea0b697aab1bc7619566bb8c573f4bb0aa56cea9f 681.57MB / 2.87GB 1254.7s
#6 sha256:d40d0c3e0c233356c8d8121ea0b697aab1bc7619566bb8c573f4bb0aa56cea9f 681.57MB / 2.87GB 1259.8s
#6 DONE 1269.8s

#8 [ 2/21] WORKDIR /workspace
#8 ERROR: failed to read expected number of bytes: unexpected EOF
------
 > [ 2/21] WORKDIR /workspace:
------
Dockerfile:12
--------------------
  10 |     
  11 |     # Set working directory
  12 | >>> WORKDIR /workspace
  13 |     
  14 |     # Install additional system dependencies (git, wget, curl already in base image)
--------------------
ERROR: failed to solve: failed to compute cache key: failed to read expected number of bytes: unexpected EOF
